{
  "RSpec": {
    "coverage": {
      "/home/suyash/Documents/incubyte/spacecraft_movement/app/controllers/spacecraft_movements_controller.rb": {
        "lines": [
          1,
          null,
          null,
          null,
          1,
          null,
          1,
          1,
          1,
          null,
          null,
          null
        ]
      },
      "/home/suyash/Documents/incubyte/spacecraft_movement/app/controllers/application_controller.rb": {
        "lines": [
          1,
          null
        ]
      },
      "/home/suyash/Documents/incubyte/spacecraft_movement/app/channels/application_cable/channel.rb": {
        "lines": [
          0,
          0,
          0,
          0
        ],
        "branches": {
        }
      },
      "/home/suyash/Documents/incubyte/spacecraft_movement/app/channels/application_cable/connection.rb": {
        "lines": [
          0,
          0,
          0,
          0
        ],
        "branches": {
        }
      },
      "/home/suyash/Documents/incubyte/spacecraft_movement/app/jobs/application_job.rb": {
        "lines": [
          0,
          null,
          null,
          null,
          null,
          null,
          0
        ],
        "branches": {
        }
      },
      "/home/suyash/Documents/incubyte/spacecraft_movement/app/mailers/application_mailer.rb": {
        "lines": [
          0,
          0,
          0,
          0
        ],
        "branches": {
        }
      },
      "/home/suyash/Documents/incubyte/spacecraft_movement/app/models/application_record.rb": {
        "lines": [
          0,
          0,
          0
        ],
        "branches": {
        }
      }
    },
    "timestamp": 1706686756
  }
}
